<?xml version="1.0" encoding="UTF-8"?>
<coverage generated="1663925640116" clover="3.2.0">
  <project timestamp="1663925640116" name="All files">
    <metrics statements="29" coveredstatements="29" conditionals="14" coveredconditionals="14" methods="10" coveredmethods="10" elements="53" coveredelements="53" complexity="0" loc="29" ncloc="29" packages="2" files="3" classes="3"/>
    <package name="linkedList">
      <metrics statements="21" coveredstatements="21" conditionals="8" coveredconditionals="8" methods="5" coveredmethods="5"/>
      <file name="LL.js" path="/home/mohammad/ltuc/401/stack-queue/linkedList/LL.js">
        <metrics statements="18" coveredstatements="18" conditionals="6" coveredconditionals="6" methods="4" coveredmethods="4"/>
        <line num="3" count="2" type="stmt"/>
        <line num="7" count="7" type="stmt"/>
        <line num="8" count="7" type="stmt"/>
        <line num="12" count="7" type="stmt"/>
        <line num="13" count="7" type="cond" truecount="2" falsecount="0"/>
        <line num="16" count="7" type="stmt"/>
        <line num="20" count="2" type="stmt"/>
        <line num="21" count="2" type="cond" truecount="2" falsecount="0"/>
        <line num="22" count="1" type="stmt"/>
        <line num="23" count="1" type="stmt"/>
        <line num="24" count="1" type="stmt"/>
        <line num="26" count="1" type="stmt"/>
        <line num="28" count="1" type="stmt"/>
        <line num="30" count="2" type="stmt"/>
        <line num="34" count="4" type="cond" truecount="2" falsecount="0"/>
        <line num="36" count="3" type="stmt"/>
        <line num="37" count="3" type="stmt"/>
        <line num="56" count="2" type="stmt"/>
      </file>
      <file name="Node.js" path="/home/mohammad/ltuc/401/stack-queue/linkedList/Node.js">
        <metrics statements="3" coveredstatements="3" conditionals="2" coveredconditionals="2" methods="1" coveredmethods="1"/>
        <line num="3" count="3" type="stmt"/>
        <line num="5" count="10" type="stmt"/>
        <line num="6" count="10" type="cond" truecount="2" falsecount="0"/>
      </file>
    </package>
    <package name="stack">
      <metrics statements="8" coveredstatements="8" conditionals="6" coveredconditionals="6" methods="5" coveredmethods="5"/>
      <file name="stack.js" path="/home/mohammad/ltuc/401/stack-queue/stack/stack.js">
        <metrics statements="8" coveredstatements="8" conditionals="6" coveredconditionals="6" methods="5" coveredmethods="5"/>
        <line num="3" count="1" type="stmt"/>
        <line num="8" count="2" type="stmt"/>
        <line num="13" count="2" type="stmt"/>
        <line num="18" count="2" type="stmt"/>
        <line num="19" count="2" type="cond" truecount="2" falsecount="0"/>
        <line num="23" count="2" type="cond" truecount="2" falsecount="0"/>
        <line num="27" count="2" type="cond" truecount="2" falsecount="0"/>
        <line num="31" count="1" type="stmt"/>
      </file>
    </package>
  </project>
</coverage>
