{"/home/mohammad/ltuc/401/codeChallnge/stack-queue/linkedList/LL.js": {"path":"/home/mohammad/ltuc/401/codeChallnge/stack-queue/linkedList/LL.js","statementMap":{"0":{"start":{"line":3,"column":13},"end":{"line":3,"column":30}},"1":{"start":{"line":7,"column":4},"end":{"line":7,"column":21}},"2":{"start":{"line":8,"column":4},"end":{"line":8,"column":30}},"3":{"start":{"line":12,"column":20},"end":{"line":12,"column":34}},"4":{"start":{"line":13,"column":4},"end":{"line":15,"column":30}},"5":{"start":{"line":16,"column":4},"end":{"line":16,"column":31}},"6":{"start":{"line":20,"column":20},"end":{"line":20,"column":34}},"7":{"start":{"line":21,"column":4},"end":{"line":29,"column":5}},"8":{"start":{"line":22,"column":17},"end":{"line":22,"column":26}},"9":{"start":{"line":23,"column":6},"end":{"line":25,"column":7}},"10":{"start":{"line":24,"column":8},"end":{"line":24,"column":25}},"11":{"start":{"line":26,"column":6},"end":{"line":26,"column":26}},"12":{"start":{"line":28,"column":6},"end":{"line":28,"column":26}},"13":{"start":{"line":30,"column":4},"end":{"line":30,"column":31}},"14":{"start":{"line":34,"column":4},"end":{"line":34,"column":60}},"15":{"start":{"line":34,"column":32},"end":{"line":34,"column":60}},"16":{"start":{"line":36,"column":6},"end":{"line":36,"column":33}},"17":{"start":{"line":37,"column":4},"end":{"line":37,"column":28}},"18":{"start":{"line":56,"column":0},"end":{"line":56,"column":28}}},"fnMap":{"0":{"name":"(anonymous_0)","decl":{"start":{"line":6,"column":2},"end":{"line":6,"column":3}},"loc":{"start":{"line":6,"column":16},"end":{"line":9,"column":3}},"line":6},"1":{"name":"(anonymous_1)","decl":{"start":{"line":11,"column":2},"end":{"line":11,"column":3}},"loc":{"start":{"line":11,"column":26},"end":{"line":17,"column":3}},"line":11},"2":{"name":"(anonymous_2)","decl":{"start":{"line":19,"column":2},"end":{"line":19,"column":3}},"loc":{"start":{"line":19,"column":20},"end":{"line":31,"column":3}},"line":19},"3":{"name":"(anonymous_3)","decl":{"start":{"line":33,"column":2},"end":{"line":33,"column":3}},"loc":{"start":{"line":33,"column":20},"end":{"line":38,"column":3}},"line":33}},"branchMap":{"0":{"loc":{"start":{"line":13,"column":4},"end":{"line":15,"column":29}},"type":"cond-expr","locations":[{"start":{"line":14,"column":9},"end":{"line":14,"column":58}},{"start":{"line":15,"column":9},"end":{"line":15,"column":28}}],"line":13},"1":{"loc":{"start":{"line":21,"column":4},"end":{"line":29,"column":5}},"type":"if","locations":[{"start":{"line":21,"column":4},"end":{"line":29,"column":5}},{"start":{"line":27,"column":11},"end":{"line":29,"column":5}}],"line":21},"2":{"loc":{"start":{"line":34,"column":4},"end":{"line":34,"column":60}},"type":"if","locations":[{"start":{"line":34,"column":4},"end":{"line":34,"column":60}},{"start":{},"end":{}}],"line":34}},"s":{"0":3,"1":9,"2":9,"3":7,"4":7,"5":7,"6":4,"7":4,"8":2,"9":2,"10":1,"11":2,"12":2,"13":4,"14":6,"15":1,"16":5,"17":5,"18":3},"f":{"0":9,"1":7,"2":4,"3":6},"b":{"0":[3,4],"1":[2,2],"2":[1,5]},"_coverageSchema":"1a1c01bbd47fc00a2c39e90264f33305004495a9","hash":"26ffeeb93744f5a5e793246e059ec5bfa3f8ee4d"}
,"/home/mohammad/ltuc/401/codeChallnge/stack-queue/linkedList/Node.js": {"path":"/home/mohammad/ltuc/401/codeChallnge/stack-queue/linkedList/Node.js","statementMap":{"0":{"start":{"line":3,"column":0},"end":{"line":8,"column":2}},"1":{"start":{"line":5,"column":4},"end":{"line":5,"column":23}},"2":{"start":{"line":6,"column":4},"end":{"line":6,"column":29}}},"fnMap":{"0":{"name":"(anonymous_0)","decl":{"start":{"line":4,"column":2},"end":{"line":4,"column":3}},"loc":{"start":{"line":4,"column":27},"end":{"line":7,"column":3}},"line":4}},"branchMap":{"0":{"loc":{"start":{"line":6,"column":16},"end":{"line":6,"column":28}},"type":"binary-expr","locations":[{"start":{"line":6,"column":16},"end":{"line":6,"column":20}},{"start":{"line":6,"column":24},"end":{"line":6,"column":28}}],"line":6}},"s":{"0":4,"1":12,"2":12},"f":{"0":12},"b":{"0":[12,12]},"_coverageSchema":"1a1c01bbd47fc00a2c39e90264f33305004495a9","hash":"90dc90de0f1cb014afcc1b81aecdd34b21c8fca5"}
,"/home/mohammad/ltuc/401/codeChallnge/stack-queue/queue/queue.js": {"path":"/home/mohammad/ltuc/401/codeChallnge/stack-queue/queue/queue.js","statementMap":{"0":{"start":{"line":3,"column":11},"end":{"line":3,"column":41}},"1":{"start":{"line":8,"column":4},"end":{"line":9,"column":22}},"2":{"start":{"line":13,"column":4},"end":{"line":13,"column":34}},"3":{"start":{"line":14,"column":4},"end":{"line":14,"column":41}},"4":{"start":{"line":18,"column":4},"end":{"line":18,"column":35}},"5":{"start":{"line":19,"column":4},"end":{"line":19,"column":50}},"6":{"start":{"line":23,"column":4},"end":{"line":23,"column":76}},"7":{"start":{"line":27,"column":4},"end":{"line":27,"column":56}},"8":{"start":{"line":31,"column":0},"end":{"line":31,"column":23}}},"fnMap":{"0":{"name":"(anonymous_0)","decl":{"start":{"line":6,"column":2},"end":{"line":6,"column":3}},"loc":{"start":{"line":6,"column":16},"end":{"line":10,"column":3}},"line":6},"1":{"name":"(anonymous_1)","decl":{"start":{"line":12,"column":2},"end":{"line":12,"column":3}},"loc":{"start":{"line":12,"column":15},"end":{"line":15,"column":3}},"line":12},"2":{"name":"(anonymous_2)","decl":{"start":{"line":17,"column":2},"end":{"line":17,"column":3}},"loc":{"start":{"line":17,"column":12},"end":{"line":20,"column":3}},"line":17},"3":{"name":"(anonymous_3)","decl":{"start":{"line":22,"column":2},"end":{"line":22,"column":3}},"loc":{"start":{"line":22,"column":9},"end":{"line":24,"column":3}},"line":22},"4":{"name":"(anonymous_4)","decl":{"start":{"line":26,"column":2},"end":{"line":26,"column":3}},"loc":{"start":{"line":26,"column":12},"end":{"line":28,"column":3}},"line":26}},"branchMap":{"0":{"loc":{"start":{"line":19,"column":17},"end":{"line":19,"column":49}},"type":"binary-expr","locations":[{"start":{"line":19,"column":17},"end":{"line":19,"column":41}},{"start":{"line":19,"column":45},"end":{"line":19,"column":49}}],"line":19},"1":{"loc":{"start":{"line":23,"column":11},"end":{"line":23,"column":75}},"type":"cond-expr","locations":[{"start":{"line":23,"column":32},"end":{"line":23,"column":42}},{"start":{"line":23,"column":45},"end":{"line":23,"column":75}}],"line":23},"2":{"loc":{"start":{"line":27,"column":11},"end":{"line":27,"column":55}},"type":"cond-expr","locations":[{"start":{"line":27,"column":43},"end":{"line":27,"column":48}},{"start":{"line":27,"column":51},"end":{"line":27,"column":55}}],"line":27}},"s":{"0":1,"1":2,"2":2,"3":2,"4":2,"5":2,"6":2,"7":2,"8":1},"f":{"0":2,"1":2,"2":2,"3":2,"4":2},"b":{"0":[2,1],"1":[1,1],"2":[1,1]},"_coverageSchema":"1a1c01bbd47fc00a2c39e90264f33305004495a9","hash":"fa54b6746b7b21050133b5deb46e5c186e67910a"}
,"/home/mohammad/ltuc/401/codeChallnge/stack-queue/stack/stack.js": {"path":"/home/mohammad/ltuc/401/codeChallnge/stack-queue/stack/stack.js","statementMap":{"0":{"start":{"line":3,"column":11},"end":{"line":3,"column":41}},"1":{"start":{"line":8,"column":4},"end":{"line":9,"column":20}},"2":{"start":{"line":13,"column":4},"end":{"line":13,"column":40}},"3":{"start":{"line":14,"column":4},"end":{"line":14,"column":19}},"4":{"start":{"line":18,"column":4},"end":{"line":18,"column":35}},"5":{"start":{"line":19,"column":4},"end":{"line":19,"column":48}},"6":{"start":{"line":23,"column":4},"end":{"line":23,"column":70}},"7":{"start":{"line":27,"column":4},"end":{"line":27,"column":56}},"8":{"start":{"line":31,"column":0},"end":{"line":31,"column":23}}},"fnMap":{"0":{"name":"(anonymous_0)","decl":{"start":{"line":6,"column":2},"end":{"line":6,"column":3}},"loc":{"start":{"line":6,"column":16},"end":{"line":10,"column":3}},"line":6},"1":{"name":"(anonymous_1)","decl":{"start":{"line":12,"column":2},"end":{"line":12,"column":3}},"loc":{"start":{"line":12,"column":17},"end":{"line":15,"column":3}},"line":12},"2":{"name":"(anonymous_2)","decl":{"start":{"line":17,"column":2},"end":{"line":17,"column":3}},"loc":{"start":{"line":17,"column":13},"end":{"line":20,"column":3}},"line":17},"3":{"name":"(anonymous_3)","decl":{"start":{"line":22,"column":2},"end":{"line":22,"column":3}},"loc":{"start":{"line":22,"column":9},"end":{"line":24,"column":3}},"line":22},"4":{"name":"(anonymous_4)","decl":{"start":{"line":26,"column":2},"end":{"line":26,"column":3}},"loc":{"start":{"line":26,"column":12},"end":{"line":28,"column":3}},"line":26}},"branchMap":{"0":{"loc":{"start":{"line":19,"column":15},"end":{"line":19,"column":47}},"type":"binary-expr","locations":[{"start":{"line":19,"column":15},"end":{"line":19,"column":39}},{"start":{"line":19,"column":43},"end":{"line":19,"column":47}}],"line":19},"1":{"loc":{"start":{"line":23,"column":11},"end":{"line":23,"column":69}},"type":"cond-expr","locations":[{"start":{"line":23,"column":30},"end":{"line":23,"column":38}},{"start":{"line":23,"column":41},"end":{"line":23,"column":69}}],"line":23},"2":{"loc":{"start":{"line":27,"column":11},"end":{"line":27,"column":55}},"type":"cond-expr","locations":[{"start":{"line":27,"column":43},"end":{"line":27,"column":48}},{"start":{"line":27,"column":51},"end":{"line":27,"column":55}}],"line":27}},"s":{"0":1,"1":2,"2":2,"3":2,"4":2,"5":2,"6":2,"7":2,"8":1},"f":{"0":2,"1":2,"2":2,"3":2,"4":2},"b":{"0":[2,1],"1":[1,1],"2":[1,1]},"_coverageSchema":"1a1c01bbd47fc00a2c39e90264f33305004495a9","hash":"2cc8867add9afdb98d0a35c4341a7198997aff77"}
}
