TN:
SF:linkedList/LL.js
FN:6,(anonymous_0)
FN:11,(anonymous_1)
FN:19,(anonymous_2)
FN:33,(anonymous_3)
FNF:4
FNH:4
FNDA:9,(anonymous_0)
FNDA:7,(anonymous_1)
FNDA:4,(anonymous_2)
FNDA:6,(anonymous_3)
DA:3,3
DA:7,9
DA:8,9
DA:12,7
DA:13,7
DA:16,7
DA:20,4
DA:21,4
DA:22,2
DA:23,2
DA:24,1
DA:26,2
DA:28,2
DA:30,4
DA:34,6
DA:36,5
DA:37,5
DA:56,3
LF:18
LH:18
BRDA:13,0,0,3
BRDA:13,0,1,4
BRDA:21,1,0,2
BRDA:21,1,1,2
BRDA:34,2,0,1
BRDA:34,2,1,5
BRF:6
BRH:6
end_of_record
TN:
SF:linkedList/Node.js
FN:4,(anonymous_0)
FNF:1
FNH:1
FNDA:12,(anonymous_0)
DA:3,4
DA:5,12
DA:6,12
LF:3
LH:3
BRDA:6,0,0,12
BRDA:6,0,1,12
BRF:2
BRH:2
end_of_record
TN:
SF:queue/queue.js
FN:6,(anonymous_0)
FN:12,(anonymous_1)
FN:17,(anonymous_2)
FN:22,(anonymous_3)
FN:26,(anonymous_4)
FNF:5
FNH:5
FNDA:2,(anonymous_0)
FNDA:2,(anonymous_1)
FNDA:2,(anonymous_2)
FNDA:2,(anonymous_3)
FNDA:2,(anonymous_4)
DA:3,1
DA:8,2
DA:13,2
DA:14,2
DA:18,2
DA:19,2
DA:23,2
DA:27,2
DA:31,1
LF:9
LH:9
BRDA:19,0,0,2
BRDA:19,0,1,1
BRDA:23,1,0,1
BRDA:23,1,1,1
BRDA:27,2,0,1
BRDA:27,2,1,1
BRF:6
BRH:6
end_of_record
TN:
SF:stack/stack.js
FN:6,(anonymous_0)
FN:12,(anonymous_1)
FN:17,(anonymous_2)
FN:22,(anonymous_3)
FN:26,(anonymous_4)
FNF:5
FNH:5
FNDA:2,(anonymous_0)
FNDA:2,(anonymous_1)
FNDA:2,(anonymous_2)
FNDA:2,(anonymous_3)
FNDA:2,(anonymous_4)
DA:3,1
DA:8,2
DA:13,2
DA:14,2
DA:18,2
DA:19,2
DA:23,2
DA:27,2
DA:31,1
LF:9
LH:9
BRDA:19,0,0,2
BRDA:19,0,1,1
BRDA:23,1,0,1
BRDA:23,1,1,1
BRDA:27,2,0,1
BRDA:27,2,1,1
BRF:6
BRH:6
end_of_record
