TN:
SF:linkedList/LL.js
FN:6,(anonymous_0)
FN:11,(anonymous_1)
FN:19,(anonymous_2)
FN:33,(anonymous_3)
FNF:4
FNH:4
FNDA:7,(anonymous_0)
FNDA:7,(anonymous_1)
FNDA:2,(anonymous_2)
FNDA:4,(anonymous_3)
DA:3,2
DA:7,7
DA:8,7
DA:12,7
DA:13,7
DA:16,7
DA:20,2
DA:21,2
DA:22,1
DA:23,1
DA:24,1
DA:26,1
DA:28,1
DA:30,2
DA:34,4
DA:36,3
DA:37,3
DA:56,2
LF:18
LH:18
BRDA:13,0,0,3
BRDA:13,0,1,4
BRDA:21,1,0,1
BRDA:21,1,1,1
BRDA:34,2,0,1
BRDA:34,2,1,3
BRF:6
BRH:6
end_of_record
TN:
SF:linkedList/Node.js
FN:4,(anonymous_0)
FNF:1
FNH:1
FNDA:10,(anonymous_0)
DA:3,3
DA:5,10
DA:6,10
LF:3
LH:3
BRDA:6,0,0,10
BRDA:6,0,1,10
BRF:2
BRH:2
end_of_record
TN:
SF:stack/stack.js
FN:6,(anonymous_0)
FN:12,(anonymous_1)
FN:17,(anonymous_2)
FN:22,(anonymous_3)
FN:26,(anonymous_4)
FNF:5
FNH:5
FNDA:2,(anonymous_0)
FNDA:2,(anonymous_1)
FNDA:2,(anonymous_2)
FNDA:2,(anonymous_3)
FNDA:2,(anonymous_4)
DA:3,1
DA:8,2
DA:13,2
DA:18,2
DA:19,2
DA:23,2
DA:27,2
DA:31,1
LF:8
LH:8
BRDA:19,0,0,2
BRDA:19,0,1,1
BRDA:23,1,0,1
BRDA:23,1,1,1
BRDA:27,2,0,1
BRDA:27,2,1,1
BRF:6
BRH:6
end_of_record
